C:\USERS\RYAN\DOCUMENTS\VISUAL STUDIO 2012\PROJECTS\PROJECT 4\PROJECT 4\DEBUG\BILATERAL.OBJ
C:\USERS\RYAN\DOCUMENTS\VISUAL STUDIO 2012\PROJECTS\PROJECT 4\PROJECT 4\DEBUG\DIALOGS.OBJ
C:\USERS\RYAN\DOCUMENTS\VISUAL STUDIO 2012\PROJECTS\PROJECT 4\PROJECT 4\DEBUG\EDGE_DETECTOR.OBJ
C:\USERS\RYAN\DOCUMENTS\VISUAL STUDIO 2012\PROJECTS\PROJECT 4\PROJECT 4\DEBUG\GAUSSIAN.OBJ
C:\USERS\RYAN\DOCUMENTS\VISUAL STUDIO 2012\PROJECTS\PROJECT 4\PROJECT 4\DEBUG\KMEANS.OBJ
C:\USERS\RYAN\DOCUMENTS\VISUAL STUDIO 2012\PROJECTS\PROJECT 4\PROJECT 4\DEBUG\LPGM.OBJ
C:\USERS\RYAN\DOCUMENTS\VISUAL STUDIO 2012\PROJECTS\PROJECT 4\PROJECT 4\DEBUG\MAIN.OBJ
C:\USERS\RYAN\DOCUMENTS\VISUAL STUDIO 2012\PROJECTS\PROJECT 4\PROJECT 4\DEBUG\SPGM.OBJ
C:\USERS\RYAN\DOCUMENTS\VISUAL STUDIO 2012\PROJECTS\PROJECT 4\PROJECT 4\DEBUG\VIEWER.OBJ
C:\USERS\RYAN\DOCUMENTS\VISUAL STUDIO 2012\PROJECTS\PROJECT 4\PROJECT 4\DEBUG\VC110.PDB
C:\USERS\RYAN\DOCUMENTS\VISUAL STUDIO 2012\PROJECTS\PROJECT 4\PROJECT 4\DEBUG\REGISTER.OBJ
c:\Users\Ryan\documents\visual studio 2012\Projects\Project 4\Project 4\Debug\bilateral.obj
c:\Users\Ryan\documents\visual studio 2012\Projects\Project 4\Project 4\Debug\dialogs.obj
c:\Users\Ryan\documents\visual studio 2012\Projects\Project 4\Project 4\Debug\edge_detector.obj
c:\Users\Ryan\documents\visual studio 2012\Projects\Project 4\Project 4\Debug\gaussian.obj
c:\Users\Ryan\documents\visual studio 2012\Projects\Project 4\Project 4\Debug\kmeans.obj
c:\Users\Ryan\documents\visual studio 2012\Projects\Project 4\Project 4\Debug\lpgm.obj
c:\Users\Ryan\documents\visual studio 2012\Projects\Project 4\Project 4\Debug\main.obj
c:\Users\Ryan\documents\visual studio 2012\Projects\Project 4\Project 4\Debug\register.obj
c:\Users\Ryan\documents\visual studio 2012\Projects\Project 4\Project 4\Debug\spgm.obj
c:\Users\Ryan\documents\visual studio 2012\Projects\Project 4\Project 4\Debug\viewer.obj
c:\Users\Ryan\documents\visual studio 2012\Projects\Project 4\Project 4\Debug\cl.command.1.tlog
c:\Users\Ryan\documents\visual studio 2012\Projects\Project 4\Project 4\Debug\CL.read.1.tlog
c:\Users\Ryan\documents\visual studio 2012\Projects\Project 4\Project 4\Debug\CL.write.1.tlog
c:\Users\Ryan\documents\visual studio 2012\Projects\Project 4\Project 4\Debug\link-cvtres.read.1.tlog
c:\Users\Ryan\documents\visual studio 2012\Projects\Project 4\Project 4\Debug\link-cvtres.write.1.tlog
c:\Users\Ryan\documents\visual studio 2012\Projects\Project 4\Project 4\Debug\link-rc.read.1.tlog
c:\Users\Ryan\documents\visual studio 2012\Projects\Project 4\Project 4\Debug\link-rc.write.1.tlog
c:\Users\Ryan\documents\visual studio 2012\Projects\Project 4\Project 4\Debug\link.1684-cvtres.read.1.tlog
c:\Users\Ryan\documents\visual studio 2012\Projects\Project 4\Project 4\Debug\link.1684-cvtres.write.1.tlog
c:\Users\Ryan\documents\visual studio 2012\Projects\Project 4\Project 4\Debug\link.1684-rc.read.1.tlog
c:\Users\Ryan\documents\visual studio 2012\Projects\Project 4\Project 4\Debug\link.1684-rc.write.1.tlog
c:\Users\Ryan\documents\visual studio 2012\Projects\Project 4\Project 4\Debug\link.1684.read.1.tlog
c:\Users\Ryan\documents\visual studio 2012\Projects\Project 4\Project 4\Debug\link.1684.write.1.tlog
c:\Users\Ryan\documents\visual studio 2012\Projects\Project 4\Project 4\Debug\link.1804-cvtres.read.1.tlog
c:\Users\Ryan\documents\visual studio 2012\Projects\Project 4\Project 4\Debug\link.1804-cvtres.write.1.tlog
c:\Users\Ryan\documents\visual studio 2012\Projects\Project 4\Project 4\Debug\link.1804-rc.read.1.tlog
c:\Users\Ryan\documents\visual studio 2012\Projects\Project 4\Project 4\Debug\link.1804-rc.write.1.tlog
c:\Users\Ryan\documents\visual studio 2012\Projects\Project 4\Project 4\Debug\link.1804.read.1.tlog
c:\Users\Ryan\documents\visual studio 2012\Projects\Project 4\Project 4\Debug\link.1804.write.1.tlog
c:\Users\Ryan\documents\visual studio 2012\Projects\Project 4\Project 4\Debug\link.700-cvtres.read.1.tlog
c:\Users\Ryan\documents\visual studio 2012\Projects\Project 4\Project 4\Debug\link.700-cvtres.write.1.tlog
c:\Users\Ryan\documents\visual studio 2012\Projects\Project 4\Project 4\Debug\link.700-rc.read.1.tlog
c:\Users\Ryan\documents\visual studio 2012\Projects\Project 4\Project 4\Debug\link.700-rc.write.1.tlog
c:\Users\Ryan\documents\visual studio 2012\Projects\Project 4\Project 4\Debug\link.700.read.1.tlog
c:\Users\Ryan\documents\visual studio 2012\Projects\Project 4\Project 4\Debug\link.700.write.1.tlog
c:\Users\Ryan\documents\visual studio 2012\Projects\Project 4\Project 4\Debug\link.command.1.tlog
c:\Users\Ryan\documents\visual studio 2012\Projects\Project 4\Project 4\Debug\link.read.1.tlog
c:\Users\Ryan\documents\visual studio 2012\Projects\Project 4\Project 4\Debug\link.write.1.tlog
c:\Users\Ryan\documents\visual studio 2012\Projects\Project 4\Project 4\Debug\vc110.idb
c:\Users\Ryan\documents\visual studio 2012\Projects\Project 4\Project 4\Debug\vc110.pdb
c:\users\ryan\documents\visual studio 2012\Projects\Project 4\Debug\Project 4.pdb
