Build started 11/15/2012 2:36:12 PM.
     1>Project "C:\Users\Ryan\Desktop\Sandbox\Project 4\Project 4.vcxproj" on node 2 (Build target(s)).
     1>ClCompile:
         C:\Program Files (x86)\Microsoft Visual Studio 11.0\VC\bin\CL.exe /c /ZI /nologo /W3 /WX- /Od /Oy- /D _MBCS /Gm /EHsc /RTC1 /MDd /GS /fp:precise /Zc:wchar_t /Zc:forScope /Fo"Debug\\" /Fd"Debug\vc110.pdb" /Gd /TP /analyze- /errorReport:prompt register.cpp
         register.cpp
     1>c:\users\ryan\desktop\sandbox\project 4\register.cpp(28): warning C4018: '<' : signed/unsigned mismatch
     1>c:\users\ryan\desktop\sandbox\project 4\register.cpp(61): warning C4018: '<' : signed/unsigned mismatch
     1>c:\users\ryan\desktop\sandbox\project 4\register.cpp(110): warning C4018: '<' : signed/unsigned mismatch
     1>c:\users\ryan\desktop\sandbox\project 4\register.cpp(171): warning C4018: '<' : signed/unsigned mismatch
     1>c:\users\ryan\desktop\sandbox\project 4\register.cpp(186): warning C4018: '<' : signed/unsigned mismatch
       Link:
         C:\Program Files (x86)\Microsoft Visual Studio 11.0\VC\bin\link.exe /ERRORREPORT:PROMPT /OUT:"C:\Users\Ryan\Desktop\Sandbox\Debug\Project 4.exe" /INCREMENTAL /NOLOGO kernel32.lib user32.lib gdi32.lib winspool.lib comdlg32.lib advapi32.lib shell32.lib ole32.lib oleaut32.lib uuid.lib odbc32.lib odbccp32.lib /MANIFEST /MANIFESTUAC:"level='asInvoker' uiAccess='false'" /manifest:embed /DEBUG /PDB:"C:\Users\Ryan\Desktop\Sandbox\Debug\Project 4.pdb" /TLBID:1 /DYNAMICBASE /NXCOMPAT /IMPLIB:"C:\Users\Ryan\Desktop\Sandbox\Debug\Project 4.lib" /MACHINE:X86 Debug\bilateral.obj
         Debug\dialogs.obj
         Debug\edge_detector.obj
         Debug\gaussian.obj
         Debug\kmeans.obj
         Debug\lpgm.obj
         Debug\main.obj
         Debug\register.obj
         Debug\spgm.obj
         Debug\viewer.obj
         Project 4.vcxproj -> C:\Users\Ryan\Desktop\Sandbox\Debug\Project 4.exe
     1>Done Building Project "C:\Users\Ryan\Desktop\Sandbox\Project 4\Project 4.vcxproj" (Build target(s)).

Build succeeded.

Time Elapsed 00:00:01.91
